Start testing: Oct 29 19:36 UTC
----------------------------------------------------------
1/2 Testing: test_to_ip_string
1/2 Test: test_to_ip_string
Command: "/home/travis/build/malegkin/print_ip/test/test_to_ip_string"
Directory: /home/travis/build/malegkin/print_ip/test
"test_to_ip_string" start time: Oct 29 19:36 UTC
Output:
----------------------------------------------------------
Running 7 test cases...
Entering test suite "test_foo"
Entering test suite "test_suite_main"
Entering test case "test_to_ip_string__base_hw_conversions"
/home/travis/build/malegkin/print_ip/test/test_to_ip_string.cpp(14): info: check to_ip_string( char(-1)) == "255" passed
/home/travis/build/malegkin/print_ip/test/test_to_ip_string.cpp(15): info: check to_ip_string( short(0)) == "0.0" passed
/home/travis/build/malegkin/print_ip/test/test_to_ip_string.cpp(16): info: check to_ip_string( int(2130706433)) == "127.0.0.1" passed
/home/travis/build/malegkin/print_ip/test/test_to_ip_string.cpp(17): info: check to_ip_string( long(8875824491850138409)) == "123.45.67.89.101.112.131.41" passed
/home/travis/build/malegkin/print_ip/test/test_to_ip_string.cpp(18): info: check to_ip_string( "8.8.8.8") == "8.8.8.8" passed
/home/travis/build/malegkin/print_ip/test/test_to_ip_string.cpp(19): info: check to_ip_string( std::vector<uint8_t>({1, 2, 3})) == "1.2.3" passed
/home/travis/build/malegkin/print_ip/test/test_to_ip_string.cpp(20): info: check to_ip_string( std::list<uint8_t>({1, 2, 3})) == "1.2.3" passed
/home/travis/build/malegkin/print_ip/test/test_to_ip_string.cpp(21): info: check to_ip_string( std::make_tuple(1 , 2, 3, 4, 5 )) == "1.2.3.4.5" passed
Leaving test case "test_to_ip_string__base_hw_conversions"; testing time: 205mks
Entering test case "test_to_ip_string__vector_of_list_of_numbers"
/home/travis/build/malegkin/print_ip/test/test_to_ip_string.cpp(27): info: check to_ip_string( std::vector<std::list<uint8_t>>({{1,2},{3,4},{5,6}})) == "[1.2].[3.4].[5.6]" passed
Leaving test case "test_to_ip_string__vector_of_list_of_numbers"; testing time: 103mks
Entering test case "test_to_ip_string__list_of_vector_of_numbers"
/home/travis/build/malegkin/print_ip/test/test_to_ip_string.cpp(32): info: check to_ip_string( std::list<std::vector<uint8_t>>({{1,2},{3,4},{5,6}})) == "[1.2].[3.4].[5.6]" passed
Leaving test case "test_to_ip_string__list_of_vector_of_numbers"; testing time: 94mks
Entering test case "test_to_ip_string__list_of_strings"
/home/travis/build/malegkin/print_ip/test/test_to_ip_string.cpp(37): info: check to_ip_string( std::list<std::string>({"s1", "s2", "s3"})) == "s1.s2.s3" passed
Leaving test case "test_to_ip_string__list_of_strings"; testing time: 83mks
Entering test case "test_to_ip_string__vector_of_strings"
/home/travis/build/malegkin/print_ip/test/test_to_ip_string.cpp(42): info: check to_ip_string( std::vector<std::string>({"s1", "s2", "s3"})) == "s1.s2.s3" passed
Leaving test case "test_to_ip_string__vector_of_strings"; testing time: 95mks
Entering test case "test_to_ip_string__tuple_of_vector_of_uint8"
/home/travis/build/malegkin/print_ip/test/test_to_ip_string.cpp(50): info: check to_ip_string(std::make_tuple(v1, v2, v3)) == "[1.2].[3.4].[5.6]" passed
Leaving test case "test_to_ip_string__tuple_of_vector_of_uint8"; testing time: 80mks
Entering test case "test_to_ip_string__tuple_of_diff_types"
/home/travis/build/malegkin/print_ip/test/test_to_ip_string.cpp(57): info: check to_ip_string(t) == "1.s2.[s3.s4]" passed
Leaving test case "test_to_ip_string__tuple_of_diff_types"; testing time: 91mks
Leaving test suite "test_suite_main"
Leaving test suite "test_foo"

*** No errors detected
<end of output>
Test time =   0.00 sec
----------------------------------------------------------
Test Passed.
"test_to_ip_string" end time: Oct 29 19:36 UTC
"test_to_ip_string" time elapsed: 00:00:00
----------------------------------------------------------

2/2 Testing: test_to_vector
2/2 Test: test_to_vector
Command: "/home/travis/build/malegkin/print_ip/test/test_to_vector"
Directory: /home/travis/build/malegkin/print_ip/test
"test_to_vector" start time: Oct 29 19:36 UTC
Output:
----------------------------------------------------------
Running 3 test cases...
Entering test suite "test_foo"
Entering test suite "test_suite_main"
Entering test case "test_to_vector__convert_empty_tuple"
/home/travis/build/malegkin/print_ip/test/test_to_vector.cpp(13): info: check v0.size() == 0 passed
Leaving test case "test_to_vector__convert_empty_tuple"; testing time: 92mks
Entering test case "test_to_vector__convert_tuple_of_int"
/home/travis/build/malegkin/print_ip/test/test_to_vector.cpp(18): info: check v1.size() == 3 passed
/home/travis/build/malegkin/print_ip/test/test_to_vector.cpp(19): info: check v1[0] == "1" passed
/home/travis/build/malegkin/print_ip/test/test_to_vector.cpp(20): info: check v1[1] == "2" passed
/home/travis/build/malegkin/print_ip/test/test_to_vector.cpp(21): info: check v1[2] == "3" passed
Leaving test case "test_to_vector__convert_tuple_of_int"; testing time: 80mks
Entering test case "test_to_vector__convert_tuple_of_diff_types"
/home/travis/build/malegkin/print_ip/test/test_to_vector.cpp(26): info: check v1.size() == 3 passed
/home/travis/build/malegkin/print_ip/test/test_to_vector.cpp(27): info: check v1[0] == "1" passed
/home/travis/build/malegkin/print_ip/test/test_to_vector.cpp(28): info: check v1[1] == "s2" passed
/home/travis/build/malegkin/print_ip/test/test_to_vector.cpp(29): info: check v1[2] == "[s3.s4]" passed
Leaving test case "test_to_vector__convert_tuple_of_diff_types"; testing time: 83mks
Leaving test suite "test_suite_main"
Leaving test suite "test_foo"

*** No errors detected
<end of output>
Test time =   0.00 sec
----------------------------------------------------------
Test Passed.
"test_to_vector" end time: Oct 29 19:36 UTC
"test_to_vector" time elapsed: 00:00:00
----------------------------------------------------------

End testing: Oct 29 19:36 UTC
